This is pdfTeX, Version 3.1415926-2.5-1.40.14 (TeX Live 2013/Debian) (format=pdflatex 2014.5.31)  8 FEB 2015 00:54
entering extended mode
 restricted \write18 enabled.
 %&-line parsing enabled.
**paper.tex
(./paper.tex
LaTeX2e <2011/06/27>
Babel <3.9h> and hyphenation patterns for 4 languages loaded.
(./IEEEtran.cls
Document Class: IEEEtran 2014/09/17 V1.8a by Michael Shell
-- See the "IEEEtran_HOWTO" manual for usage information.
-- http://www.michaelshell.org/tex/ieeetran/
\@IEEEtrantmpdimenA=\dimen102
\@IEEEtrantmpdimenB=\dimen103
\@IEEEtrantmpdimenC=\dimen104
\@IEEEtrantmpcountA=\count79
\@IEEEtrantmpcountB=\count80
\@IEEEtrantmpcountC=\count81
\@IEEEtrantmptoksA=\toks14
-- Using IEEE Computer Society mode.
LaTeX Font Info:    Try loading font information for OT1+ppl on input line 458.

(/usr/share/texlive/texmf-dist/tex/latex/psnfss/ot1ppl.fd
File: ot1ppl.fd 2001/06/04 font definitions for OT1/ppl.
)
-- Using 8.5in x 11in (letter) paper.
-- Using PDF output.
\@IEEEnormalsizeunitybaselineskip=\dimen105
-- This is a 10 point document.
\CLASSINFOnormalsizebaselineskip=\dimen106
\CLASSINFOnormalsizeunitybaselineskip=\dimen107
\IEEEnormaljot=\dimen108
LaTeX Font Info:    Font shape `OT1/ppl/bx/n' in size <5.01874> not available
(Font)              Font shape `OT1/ppl/b/n' tried instead on input line 1039.
LaTeX Font Info:    Font shape `OT1/ppl/bx/it' in size <5.01874> not available
(Font)              Font shape `OT1/ppl/b/it' tried instead on input line 1039.

LaTeX Font Info:    Font shape `OT1/ppl/bx/n' in size <7.02625> not available
(Font)              Font shape `OT1/ppl/b/n' tried instead on input line 1039.
LaTeX Font Info:    Font shape `OT1/ppl/bx/it' in size <7.02625> not available
(Font)              Font shape `OT1/ppl/b/it' tried instead on input line 1039.

LaTeX Font Info:    Font shape `OT1/ppl/bx/n' in size <8.03> not available
(Font)              Font shape `OT1/ppl/b/n' tried instead on input line 1039.
LaTeX Font Info:    Font shape `OT1/ppl/bx/it' in size <8.03> not available
(Font)              Font shape `OT1/ppl/b/it' tried instead on input line 1039.

LaTeX Font Info:    Font shape `OT1/ppl/bx/n' in size <9.03374> not available
(Font)              Font shape `OT1/ppl/b/n' tried instead on input line 1039.
LaTeX Font Info:    Font shape `OT1/ppl/bx/it' in size <9.03374> not available
(Font)              Font shape `OT1/ppl/b/it' tried instead on input line 1039.

LaTeX Font Info:    Font shape `OT1/ppl/bx/n' in size <9.53561> not available
(Font)              Font shape `OT1/ppl/b/n' tried instead on input line 1039.
LaTeX Font Info:    Font shape `OT1/ppl/bx/it' in size <9.53561> not available
(Font)              Font shape `OT1/ppl/b/it' tried instead on input line 1039.

LaTeX Font Info:    Font shape `OT1/ppl/bx/n' in size <11.04124> not available
(Font)              Font shape `OT1/ppl/b/n' tried instead on input line 1039.
LaTeX Font Info:    Font shape `OT1/ppl/bx/it' in size <11.04124> not available

(Font)              Font shape `OT1/ppl/b/it' tried instead on input line 1039.

LaTeX Font Info:    Font shape `OT1/ppl/bx/n' in size <12.045> not available
(Font)              Font shape `OT1/ppl/b/n' tried instead on input line 1039.
LaTeX Font Info:    Font shape `OT1/ppl/bx/it' in size <12.045> not available
(Font)              Font shape `OT1/ppl/b/it' tried instead on input line 1039.

LaTeX Font Info:    Font shape `OT1/ppl/bx/n' in size <17.06374> not available
(Font)              Font shape `OT1/ppl/b/n' tried instead on input line 1039.
LaTeX Font Info:    Font shape `OT1/ppl/bx/it' in size <17.06374> not available

(Font)              Font shape `OT1/ppl/b/it' tried instead on input line 1039.

LaTeX Font Info:    Font shape `OT1/ppl/bx/n' in size <20.075> not available
(Font)              Font shape `OT1/ppl/b/n' tried instead on input line 1039.
LaTeX Font Info:    Font shape `OT1/ppl/bx/it' in size <20.075> not available
(Font)              Font shape `OT1/ppl/b/it' tried instead on input line 1039.

LaTeX Font Info:    Font shape `OT1/ppl/bx/n' in size <24.09> not available
(Font)              Font shape `OT1/ppl/b/n' tried instead on input line 1039.
LaTeX Font Info:    Font shape `OT1/ppl/bx/it' in size <24.09> not available
(Font)              Font shape `OT1/ppl/b/it' tried instead on input line 1039.

\IEEEquantizedlength=\dimen109
\IEEEquantizedlengthdiff=\dimen110
\IEEEquantizedtextheightdiff=\dimen111
\IEEEilabelindentA=\dimen112
\IEEEilabelindentB=\dimen113
\IEEEilabelindent=\dimen114
\IEEEelabelindent=\dimen115
\IEEEdlabelindent=\dimen116
\IEEElabelindent=\dimen117
\IEEEiednormlabelsep=\dimen118
\IEEEiedmathlabelsep=\dimen119
\IEEEiedtopsep=\skip41
\c@section=\count82
\c@subsection=\count83
\c@subsubsection=\count84
\c@paragraph=\count85
\c@IEEEsubequation=\count86
\abovecaptionskip=\skip42
\belowcaptionskip=\skip43
\c@figure=\count87
\c@table=\count88
\@IEEEeqnnumcols=\count89
\@IEEEeqncolcnt=\count90
\@IEEEsubeqnnumrollback=\count91
\@IEEEquantizeheightA=\dimen120
\@IEEEquantizeheightB=\dimen121
\@IEEEquantizeheightC=\dimen122
\@IEEEquantizeprevdepth=\dimen123
\@IEEEquantizemultiple=\count92
\@IEEEquantizeboxA=\box26
\@IEEEtmpitemindent=\dimen124
\c@IEEEbiography=\count93
\@IEEEtranrubishbin=\box27
) (/usr/share/texlive/texmf-dist/tex/latex/cite/cite.sty
LaTeX Info: Redefining \cite on input line 302.
LaTeX Info: Redefining \nocite on input line 373.
Package: cite 2010/09/10  v 5.3
)
(/usr/share/texlive/texmf-dist/tex/latex/graphics/graphicx.sty
Package: graphicx 1999/02/16 v1.0f Enhanced LaTeX Graphics (DPC,SPQR)

(/usr/share/texlive/texmf-dist/tex/latex/graphics/keyval.sty
Package: keyval 1999/03/16 v1.13 key=value parser (DPC)
\KV@toks@=\toks15
)
(/usr/share/texlive/texmf-dist/tex/latex/graphics/graphics.sty
Package: graphics 2009/02/05 v1.0o Standard LaTeX Graphics (DPC,SPQR)

(/usr/share/texlive/texmf-dist/tex/latex/graphics/trig.sty
Package: trig 1999/03/16 v1.09 sin cos tan (DPC)
)
(/usr/share/texlive/texmf-dist/tex/latex/latexconfig/graphics.cfg
File: graphics.cfg 2010/04/23 v1.9 graphics configuration of TeX Live
)
Package graphics Info: Driver file: pdftex.def on input line 91.

(/usr/share/texlive/texmf-dist/tex/latex/pdftex-def/pdftex.def
File: pdftex.def 2011/05/27 v0.06d Graphics/color for pdfTeX

(/usr/share/texlive/texmf-dist/tex/generic/oberdiek/infwarerr.sty
Package: infwarerr 2010/04/08 v1.3 Providing info/warning/error messages (HO)
)
(/usr/share/texlive/texmf-dist/tex/generic/oberdiek/ltxcmds.sty
Package: ltxcmds 2011/11/09 v1.22 LaTeX kernel commands for general use (HO)
)
\Gread@gobject=\count94
))
\Gin@req@height=\dimen125
\Gin@req@width=\dimen126
)
(./paper.aux)
\openout1 = `paper.aux'.

LaTeX Font Info:    Checking defaults for OML/cmm/m/it on input line 222.
LaTeX Font Info:    ... okay on input line 222.
LaTeX Font Info:    Checking defaults for T1/cmr/m/n on input line 222.
LaTeX Font Info:    ... okay on input line 222.
LaTeX Font Info:    Checking defaults for OT1/cmr/m/n on input line 222.
LaTeX Font Info:    ... okay on input line 222.
LaTeX Font Info:    Checking defaults for OMS/cmsy/m/n on input line 222.
LaTeX Font Info:    ... okay on input line 222.
LaTeX Font Info:    Checking defaults for OMX/cmex/m/n on input line 222.
LaTeX Font Info:    ... okay on input line 222.
LaTeX Font Info:    Checking defaults for U/cmr/m/n on input line 222.
LaTeX Font Info:    ... okay on input line 222.

-- Lines per column: 61 (exact).
(/usr/share/texlive/texmf-dist/tex/context/base/supp-pdf.mkii
[Loading MPS to PDF converter (version 2006.09.02).]
\scratchcounter=\count95
\scratchdimen=\dimen127
\scratchbox=\box28
\nofMPsegments=\count96
\nofMParguments=\count97
\everyMPshowfont=\toks16
\MPscratchCnt=\count98
\MPscratchDim=\dimen128
\MPnumerator=\count99
\makeMPintoPDFobject=\count100
\everyMPtoPDFconversion=\toks17
) (/usr/share/texlive/texmf-dist/tex/generic/oberdiek/pdftexcmds.sty
Package: pdftexcmds 2011/11/29 v0.20 Utility functions of pdfTeX for LuaTeX (HO
)

(/usr/share/texlive/texmf-dist/tex/generic/oberdiek/ifluatex.sty
Package: ifluatex 2010/03/01 v1.3 Provides the ifluatex switch (HO)
Package ifluatex Info: LuaTeX not detected.
)
(/usr/share/texlive/texmf-dist/tex/generic/oberdiek/ifpdf.sty
Package: ifpdf 2011/01/30 v2.3 Provides the ifpdf switch (HO)
Package ifpdf Info: pdfTeX in PDF mode is detected.
)
Package pdftexcmds Info: LuaTeX not detected.
Package pdftexcmds Info: \pdf@primitive is available.
Package pdftexcmds Info: \pdf@ifprimitive is available.
Package pdftexcmds Info: \pdfdraftmode found.
)
(/usr/share/texlive/texmf-dist/tex/latex/oberdiek/epstopdf-base.sty
Package: epstopdf-base 2010/02/09 v2.5 Base part for package epstopdf

(/usr/share/texlive/texmf-dist/tex/latex/oberdiek/grfext.sty
Package: grfext 2010/08/19 v1.1 Manage graphics extensions (HO)

(/usr/share/texlive/texmf-dist/tex/generic/oberdiek/kvdefinekeys.sty
Package: kvdefinekeys 2011/04/07 v1.3 Define keys (HO)
))
(/usr/share/texlive/texmf-dist/tex/latex/oberdiek/kvoptions.sty
Package: kvoptions 2011/06/30 v3.11 Key value format for package options (HO)

(/usr/share/texlive/texmf-dist/tex/generic/oberdiek/kvsetkeys.sty
Package: kvsetkeys 2012/04/25 v1.16 Key value parser (HO)

(/usr/share/texlive/texmf-dist/tex/generic/oberdiek/etexcmds.sty
Package: etexcmds 2011/02/16 v1.5 Avoid name clashes with e-TeX commands (HO)
Package etexcmds Info: Could not find \expanded.
(etexcmds)             That can mean that you are not using pdfTeX 1.50 or
(etexcmds)             that some package has redefined \expanded.
(etexcmds)             In the latter case, load this package earlier.
)))
Package grfext Info: Graphics extension search list:
(grfext)             [.png,.pdf,.jpg,.mps,.jpeg,.jbig2,.jb2,.PNG,.PDF,.JPG,.JPE
G,.JBIG2,.JB2,.eps]
(grfext)             \AppendGraphicsExtensions on input line 452.

(/usr/share/texlive/texmf-dist/tex/latex/latexconfig/epstopdf-sys.cfg
File: epstopdf-sys.cfg 2010/07/13 v1.3 Configuration of (r)epstopdf for TeX Liv
e
))
LaTeX Font Info:    Try loading font information for OT1+phv on input line 259.


(/usr/share/texlive/texmf-dist/tex/latex/psnfss/ot1phv.fd
File: ot1phv.fd 2001/06/04 scalable font definitions for OT1/phv.
)
LaTeX Font Info:    Font shape `OT1/phv/bx/n' in size <8.03> not available
(Font)              Font shape `OT1/phv/b/n' tried instead on input line 259.
Missing character: There is no √ in font phvr7t!
Missing character: There is no © in font phvr7t!
Missing character: There is no √ in font phvr7t!
Missing character: There is no ® in font phvr7t!
Missing character: There is no √ in font phvr7t!
Missing character: There is no © in font phvr7t!
Missing character: There is no √ in font phvr7t!
Missing character: There is no ® in font phvr7t!
Missing character: There is no √ in font phvr7t!
Missing character: There is no © in font phvr7t!
Missing character: There is no √ in font phvr7t!
Missing character: There is no © in font phvr7t!
Missing character: There is no √ in font phvr7t!
Missing character: There is no © in font phvr7t!
Missing character: There is no √ in font phvr7t!
Missing character: There is no © in font phvr7t!
Missing character: There is no √ in font phvr7t!
Missing character: There is no © in font phvr7t!
Missing character: There is no √ in font phvr7t!
Missing character: There is no © in font phvr7t!
Missing character: There is no √ in font phvr7t!
Missing character: There is no † in font phvr7t!
Missing character: There is no √ in font phvr7t!
Missing character: There is no © in font phvr7t!
Missing character: There is no √ in font phvr7t!
Missing character: There is no © in font phvr7t!
Missing character: There is no √ in font phvr7t!
Missing character: There is no © in font phvr7t!
Missing character: There is no √ in font phvr7t!
Missing character: There is no ß in font phvr7t!
Missing character: There is no √ in font phvr7t!
Missing character: There is no © in font phvr7t!
Missing character: There is no √ in font phvr7t!
Missing character: There is no © in font phvr7t!
Missing character: There is no √ in font phvr7t!
Missing character: There is no © in font phvr7t!
Missing character: There is no √ in font phvr7t!
Missing character: There is no © in font phvr7t!
Missing character: There is no √ in font phvr7t!
Missing character: There is no © in font phvr7t!
Missing character: There is no √ in font phvr7t!
Missing character: There is no © in font phvr7t!
Missing character: There is no √ in font phvr7t!
Missing character: There is no © in font phvr7t!
Missing character: There is no √ in font phvr7t!
Missing character: There is no © in font phvr7t!
Missing character: There is no √ in font phvr7t!
Missing character: There is no © in font phvr7t!
LaTeX Font Info:    Calculating math sizes for size <11.04124> on input line 25
9.
LaTeX Font Info:    External font `cmex10' loaded for size
(Font)              <11.04124> on input line 259.
LaTeX Font Info:    External font `cmex10' loaded for size
(Font)              <7.72884> on input line 259.
LaTeX Font Info:    External font `cmex10' loaded for size
(Font)              <5.52061> on input line 259.
LaTeX Font Info:    Try loading font information for U+pzd on input line 259.

(/usr/share/texlive/texmf-dist/tex/latex/psnfss/upzd.fd
File: upzd.fd 2001/06/04 font definitions for U/pzd.
)
Missing character: There is no √ in font phvr7t!
Missing character: There is no © in font phvr7t!
Missing character: There is no √ in font phvr7t!
Missing character: There is no ® in font phvr7t!
Missing character: There is no √ in font phvr7t!
Missing character: There is no © in font phvr7t!
Missing character: There is no √ in font phvr7t!
Missing character: There is no ® in font phvr7t!
Missing character: There is no √ in font phvr7t!
Missing character: There is no © in font phvr7t!
Missing character: There is no √ in font phvr7t!
Missing character: There is no © in font phvr7t!
Missing character: There is no √ in font phvr7t!
Missing character: There is no © in font phvr7t!
Missing character: There is no √ in font phvr7t!
Missing character: There is no © in font phvr7t!
Missing character: There is no √ in font phvr7t!
Missing character: There is no © in font phvr7t!
Missing character: There is no √ in font phvr7t!
Missing character: There is no © in font phvr7t!
Missing character: There is no √ in font phvr7t!
Missing character: There is no † in font phvr7t!
Missing character: There is no √ in font phvr7t!
Missing character: There is no © in font phvr7t!
Missing character: There is no √ in font phvr7t!
Missing character: There is no © in font phvr7t!
Missing character: There is no √ in font phvr7t!
Missing character: There is no © in font phvr7t!
Missing character: There is no √ in font phvr7t!
Missing character: There is no ß in font phvr7t!
Missing character: There is no √ in font phvr7t!
Missing character: There is no © in font phvr7t!
Missing character: There is no √ in font phvr7t!
Missing character: There is no © in font phvr7t!
Missing character: There is no √ in font phvr7t!
Missing character: There is no © in font phvr7t!
Missing character: There is no √ in font phvr7t!
Missing character: There is no © in font phvr7t!
Missing character: There is no √ in font phvr7t!
Missing character: There is no © in font phvr7t!
Missing character: There is no √ in font phvr7t!
Missing character: There is no © in font phvr7t!
Missing character: There is no √ in font phvr7t!
Missing character: There is no © in font phvr7t!
Missing character: There is no √ in font phvr7t!
Missing character: There is no © in font phvr7t!
Missing character: There is no √ in font phvr7t!
Missing character: There is no © in font phvr7t!
Missing character: There is no √ in font phvr7t!
Missing character: There is no © in font phvr7t!
Missing character: There is no √ in font phvr7t!
Missing character: There is no ® in font phvr7t!
Missing character: There is no √ in font phvr7t!
Missing character: There is no © in font phvr7t!
Missing character: There is no √ in font phvr7t!
Missing character: There is no ® in font phvr7t!
Missing character: There is no √ in font phvr7t!
Missing character: There is no © in font phvr7t!
Missing character: There is no √ in font phvr7t!
Missing character: There is no © in font phvr7t!
Missing character: There is no √ in font phvr7t!
Missing character: There is no © in font phvr7t!
Missing character: There is no √ in font phvr7t!
Missing character: There is no © in font phvr7t!
Missing character: There is no √ in font phvr7t!
Missing character: There is no © in font phvr7t!
Missing character: There is no √ in font phvr7t!
Missing character: There is no © in font phvr7t!
Missing character: There is no √ in font phvr7t!
Missing character: There is no † in font phvr7t!
Missing character: There is no √ in font phvr7t!
Missing character: There is no © in font phvr7t!
Missing character: There is no √ in font phvr7t!
Missing character: There is no © in font phvr7t!
Missing character: There is no √ in font phvr7t!
Missing character: There is no © in font phvr7t!
Missing character: There is no √ in font phvr7t!
Missing character: There is no ß in font phvr7t!
Missing character: There is no √ in font phvr7t!
Missing character: There is no © in font phvr7t!
Missing character: There is no √ in font phvr7t!
Missing character: There is no © in font phvr7t!
Missing character: There is no √ in font phvr7t!
Missing character: There is no © in font phvr7t!
Missing character: There is no √ in font phvr7t!
Missing character: There is no © in font phvr7t!
Missing character: There is no √ in font phvr7t!
Missing character: There is no © in font phvr7t!
Missing character: There is no √ in font phvr7t!
Missing character: There is no © in font phvr7t!
Missing character: There is no √ in font phvr7t!
Missing character: There is no © in font phvr7t!
Missing character: There is no √ in font phvr7t!
Missing character: There is no © in font phvr7t!
Missing character: There is no √ in font phvr7t!
Missing character: There is no © in font phvr7t!
LaTeX Font Info:    Font shape `OT1/phv/bx/n' in size <11.04124> not available
(Font)              Font shape `OT1/phv/b/n' tried instead on input line 263.
LaTeX Font Info:    Font shape `OT1/phv/bx/sc' in size <11.04124> not available

(Font)              Font shape `OT1/phv/b/sc' tried instead on input line 263.
Missing character: There is no √ in font pplr7t!
Missing character: There is no ® in font pplr7t!
Missing character: There is no √ in font pplr7t!
Missing character: There is no © in font pplr7t!
 [1{/var/lib/texmf/fonts/map/pdftex/updmap/pdftex.map}


]
Missing character: There is no √ in font pplr7t!
Missing character: There is no © in font pplr7t!
Missing character: There is no √ in font pplr7t!
Missing character: There is no © in font pplr7t!
Missing character: There is no √ in font pplr7t!
Missing character: There is no © in font pplr7t!
Missing character: There is no √ in font pplr7t!
Missing character: There is no © in font pplr7t!
Missing character: There is no √ in font pplr7t!
Missing character: There is no ® in font pplr7t!
Missing character: There is no √ in font pplr7t!
Missing character: There is no © in font pplr7t!
Missing character: There is no √ in font pplr7t!
Missing character: There is no © in font pplr7t!
Missing character: There is no √ in font pplr7t!
Missing character: There is no ® in font pplr7t!
Missing character: There is no √ in font pplr7t!
Missing character: There is no © in font pplr7t!
Missing character: There is no √ in font pplr7t!
Missing character: There is no © in font pplr7t!
Missing character: There is no √ in font pplr7t!
Missing character: There is no © in font pplr7t!
Missing character: There is no √ in font pplr7t!
Missing character: There is no © in font pplr7t!
Missing character: There is no √ in font pplr7t!
Missing character: There is no © in font pplr7t!
Missing character: There is no √ in font pplr7t!
Missing character: There is no © in font pplr7t!
Missing character: There is no √ in font pplr7t!
Missing character: There is no ® in font pplr7t!
Missing character: There is no √ in font pplr7t!
Missing character: There is no ® in font pplr7t!
Missing character: There is no √ in font pplr7t!
Missing character: There is no © in font pplr7t!
Missing character: There is no √ in font pplr7t!
Missing character: There is no © in font pplr7t!
Missing character: There is no √ in font pplr7t!
Missing character: There is no © in font pplr7t!
Missing character: There is no √ in font pplr7t!
Missing character: There is no © in font pplr7t!
Missing character: There is no √ in font pplr7t!
Missing character: There is no © in font pplr7t!
Missing character: There is no √ in font pplr7t!
Missing character: There is no † in font pplr7t!
Missing character: There is no √ in font pplr7t!
Missing character: There is no © in font pplr7t!
Missing character: There is no √ in font pplr7t!
Missing character: There is no © in font pplr7t!
Missing character: There is no √ in font pplr7t!
Missing character: There is no © in font pplr7t!
Missing character: There is no √ in font pplr7t!
Missing character: There is no © in font pplr7t!
Missing character: There is no √ in font pplr7t!
Missing character: There is no © in font pplr7t!
Missing character: There is no √ in font pplr7t!
Missing character: There is no © in font pplr7t!
Missing character: There is no √ in font pplr7t!
Missing character: There is no © in font pplr7t!
Missing character: There is no √ in font pplr7t!
Missing character: There is no © in font pplr7t!
Missing character: There is no √ in font pplr7t!
Missing character: There is no © in font pplr7t!
Missing character: There is no √ in font pplr7t!
Missing character: There is no © in font pplr7t!
Missing character: There is no √ in font pplr7t!
Missing character: There is no √ in font pplr7t!
Missing character: There is no © in font pplr7t!
Missing character: There is no √ in font pplr7t!
Missing character: There is no © in font pplr7t!
Missing character: There is no √ in font pplr7t!
Missing character: There is no © in font pplr7t!
Missing character: There is no √ in font pplr7t!
Missing character: There is no © in font pplr7t!
Missing character: There is no √ in font pplr7t!
Missing character: There is no © in font pplr7t!
Missing character: There is no √ in font pplr7t!
Missing character: There is no © in font pplr7t!
Missing character: There is no √ in font pplr7t!
Missing character: There is no © in font pplr7t!
Missing character: There is no √ in font pplr7t!
Missing character: There is no © in font pplr7t!
Missing character: There is no √ in font pplr7t!
Missing character: There is no ® in font pplr7t!
Missing character: There is no √ in font pplr7t!
Missing character: There is no © in font pplr7t!
Missing character: There is no √ in font pplr7t!
Missing character: There is no ® in font pplr7t!
Missing character: There is no √ in font pplr7t!
Missing character: There is no ® in font pplr7t!
Missing character: There is no √ in font pplr7t!
Missing character: There is no © in font pplr7t!
Missing character: There is no √ in font pplr7t!
Missing character: There is no © in font pplr7t!
Missing character: There is no √ in font pplr7t!
Missing character: There is no © in font pplr7t!
Missing character: There is no √ in font pplr7t!
Missing character: There is no © in font pplr7t!
Missing character: There is no √ in font pplr7t!
Missing character: There is no © in font pplr7t!
Missing character: There is no √ in font pplr7t!
Missing character: There is no ® in font pplr7t!
Missing character: There is no √ in font pplr7t!
Missing character: There is no © in font pplr7t!
Missing character: There is no √ in font pplr7t!
Missing character: There is no © in font pplr7t!
Missing character: There is no √ in font pplr7t!
Missing character: There is no © in font pplr7t!
Missing character: There is no √ in font pplr7t!
Missing character: There is no © in font pplr7t!
Missing character: There is no √ in font pplr7t!
Missing character: There is no © in font pplr7t!
Missing character: There is no √ in font pplr7t!
Missing character: There is no © in font pplr7t!
Missing character: There is no √ in font pplr7t!
Missing character: There is no © in font pplr7t!
Missing character: There is no √ in font pplr7t!
Missing character: There is no © in font pplr7t!
Missing character: There is no √ in font pplr7t!
Missing character: There is no © in font pplr7t!
Missing character: There is no √ in font pplr7t!
Missing character: There is no © in font pplr7t!
 [2]
</home/jfellus/Bureau/hal/method/img/415.png, id=14, 251.94125pt x 200.75pt>
File: /home/jfellus/Bureau/hal/method/img/415.png Graphic file (type png)

<use /home/jfellus/Bureau/hal/method/img/415.png>
Package pdftex.def Info: /home/jfellus/Bureau/hal/method/img/415.png used on in
put line 827.
(pdftex.def)             Requested size: 252.94499pt x 201.55205pt.
Missing character: There is no √ in font pplr7t!
Missing character: There is no © in font pplr7t!
Missing character: There is no √ in font pplr7t!
Missing character: There is no ® in font pplr7t!
Missing character: There is no √ in font pplr7t!
Missing character: There is no © in font pplr7t!
Missing character: There is no √ in font pplr7t!
Missing character: There is no © in font pplr7t!
Missing character: There is no √ in font pplr7t!
Missing character: There is no © in font pplr7t!
Missing character: There is no √ in font pplr7t!
Missing character: There is no √ in font pplr7t!
Missing character: There is no © in font pplr7t!
Missing character: There is no √ in font pplr7t!
Missing character: There is no © in font pplr7t!
Missing character: There is no √ in font pplr7t!
Missing character: There is no © in font pplr7t!
Missing character: There is no √ in font pplr7t!
Missing character: There is no © in font pplr7t!
Missing character: There is no √ in font pplr7t!
Missing character: There is no © in font pplr7t!
Missing character: There is no √ in font pplr7t!
Missing character: There is no © in font pplr7t!
Missing character: There is no √ in font pplr7t!
Missing character: There is no ® in font pplr7t!
Missing character: There is no √ in font pplr7t!
Missing character: There is no © in font pplr7t!
Missing character: There is no √ in font pplr7t!
Missing character: There is no © in font pplr7t!
Missing character: There is no √ in font pplr7t!
Missing character: There is no © in font pplr7t!
Missing character: There is no √ in font pplr7t!
Missing character: There is no © in font pplr7t!
Missing character: There is no √ in font pplr7t!
Missing character: There is no ® in font pplr7t!
Missing character: There is no √ in font pplr7t!
Missing character: There is no © in font pplr7t!
Missing character: There is no √ in font pplr7t!
Missing character: There is no © in font pplr7t!
Missing character: There is no √ in font pplr7t!
Missing character: There is no © in font pplr7t!
Missing character: There is no √ in font pplr7t!
Missing character: There is no © in font pplr7t!
Missing character: There is no √ in font pplr7t!
Missing character: There is no √ in font pplr7t!
Missing character: There is no © in font pplr7t!
Missing character: There is no √ in font pplr7t!
Missing character: There is no © in font pplr7t!
Missing character: There is no √ in font pplr7t!
Missing character: There is no √ in font pplr7t!
Missing character: There is no © in font pplr7t!
Missing character: There is no √ in font pplr7t!
Missing character: There is no © in font pplr7t!
Missing character: There is no √ in font pplr7t!
Missing character: There is no © in font pplr7t!
Missing character: There is no √ in font pplr7t!
Missing character: There is no © in font pplr7t!
Missing character: There is no √ in font pplr7t!
Missing character: There is no © in font pplr7t!
Missing character: There is no √ in font pplr7t!
Missing character: There is no © in font pplr7t!
Missing character: There is no √ in font pplr7t!
Missing character: There is no © in font pplr7t!
Missing character: There is no √ in font pplr7t!
Missing character: There is no © in font pplr7t!
Missing character: There is no √ in font pplr7t!
Missing character: There is no © in font pplr7t!
Missing character: There is no √ in font pplr7t!
Missing character: There is no © in font pplr7t!
Missing character: There is no √ in font pplr7t!
Missing character: There is no © in font pplr7t!
Missing character: There is no √ in font pplr7t!
Missing character: There is no © in font pplr7t!
Missing character: There is no √ in font pplr7t!
Missing character: There is no ® in font pplr7t!
Missing character: There is no √ in font pplr7t!
Missing character: There is no © in font pplr7t!
Missing character: There is no √ in font pplr7t!
Missing character: There is no © in font pplr7t!
Missing character: There is no √ in font pplr7t!
Missing character: There is no ® in font pplr7t!
Missing character: There is no √ in font pplr7t!
Missing character: There is no © in font pplr7t!
Missing character: There is no √ in font pplr7t!
Missing character: There is no © in font pplr7t!
Missing character: There is no √ in font pplr7t!
Missing character: There is no © in font pplr7t!
Missing character: There is no √ in font pplr7t!
Missing character: There is no © in font pplr7t!

Underfull \vbox (badness 1354) has occurred while \output is active []


</home/jfellus/Bureau/hal/method/img/47.png, id=15, 227.85126pt x 222.8325pt>
File: /home/jfellus/Bureau/hal/method/img/47.png Graphic file (type png)

<use /home/jfellus/Bureau/hal/method/img/47.png>
Package pdftex.def Info: /home/jfellus/Bureau/hal/method/img/47.png used on inp
ut line 859.
(pdftex.def)             Requested size: 252.94499pt x 247.381pt.
 [3 </home/jfellus/Bureau/hal/method/img/415.png>]
Missing character: There is no √ in font pplr7t!
Missing character: There is no © in font pplr7t!
Missing character: There is no √ in font pplr7t!
Missing character: There is no © in font pplr7t!
Missing character: There is no √ in font pplr7t!
Missing character: There is no † in font pplr7t!
Missing character: There is no √ in font pplr7t!
Missing character: There is no √ in font pplr7t!
Missing character: There is no © in font pplr7t!
Missing character: There is no √ in font pplr7t!
Missing character: There is no © in font pplr7t!
Missing character: There is no √ in font pplr7t!
Missing character: There is no © in font pplr7t!
Missing character: There is no √ in font pplr7t!
Missing character: There is no © in font pplr7t!
Missing character: There is no √ in font pplr7t!
Missing character: There is no © in font pplr7t!
Missing character: There is no √ in font pplr7t!
Missing character: There is no © in font pplr7t!
Missing character: There is no √ in font pplr7t!
Missing character: There is no © in font pplr7t!
Missing character: There is no √ in font pplr7t!
Missing character: There is no © in font pplr7t!
Missing character: There is no √ in font pplr7t!
Missing character: There is no © in font pplr7t!
Missing character: There is no √ in font pplr7t!
Missing character: There is no ® in font pplr7t!
Missing character: There is no √ in font pplr7t!
Missing character: There is no © in font pplr7t!
Missing character: There is no √ in font pplr7t!
Missing character: There is no ® in font pplr7t!
Missing character: There is no √ in font pplr7t!
Missing character: There is no † in font pplr7t!
Missing character: There is no √ in font pplr7t!
Missing character: There is no © in font pplr7t!
Missing character: There is no √ in font pplr7t!
Missing character: There is no © in font pplr7t!
Missing character: There is no √ in font pplr7t!
Missing character: There is no © in font pplr7t!
Missing character: There is no √ in font pplr7t!
Missing character: There is no © in font pplr7t!
Missing character: There is no √ in font pplr7t!
Missing character: There is no © in font pplr7t!
Missing character: There is no √ in font pplr7t!
Missing character: There is no © in font pplr7t!
Missing character: There is no √ in font pplr7t!
Missing character: There is no © in font pplr7t!
Missing character: There is no √ in font pplr7t!
Missing character: There is no © in font pplr7t!
Missing character: There is no √ in font pplr7t!
Missing character: There is no © in font pplr7t!
Missing character: There is no √ in font pplr7t!
Missing character: There is no © in font pplr7t!
Missing character: There is no √ in font pplr7t!
Missing character: There is no © in font pplr7t!
Missing character: There is no √ in font pplr7t!
Missing character: There is no ® in font pplr7t!
Missing character: There is no √ in font pplr7t!
Missing character: There is no © in font pplr7t!
Missing character: There is no √ in font pplr7t!
Missing character: There is no © in font pplr7t!
Missing character: There is no √ in font pplr7t!
Missing character: There is no © in font pplr7t!
Missing character: There is no √ in font pplr7t!
Missing character: There is no © in font pplr7t!
Missing character: There is no √ in font pplr7t!
Missing character: There is no © in font pplr7t!
Missing character: There is no √ in font pplr7t!
Missing character: There is no © in font pplr7t!
Missing character: There is no √ in font pplr7t!
Missing character: There is no √ in font pplr7t!
Missing character: There is no © in font pplr7t!
Missing character: There is no √ in font pplr7t!
Missing character: There is no © in font pplr7t!
Missing character: There is no √ in font pplr7t!
Missing character: There is no † in font pplr7t!
Missing character: There is no √ in font pplr7t!
Missing character: There is no © in font pplr7t!
Missing character: There is no √ in font pplr7t!
Missing character: There is no © in font pplr7t!
Missing character: There is no √ in font pplr7t!
Missing character: There is no © in font pplr7t!

</home/jfellus/Bureau/hal/method/img/268.png, id=19, 205.76875pt x 246.9225pt>
File: /home/jfellus/Bureau/hal/method/img/268.png Graphic file (type png)

<use /home/jfellus/Bureau/hal/method/img/268.png>
Package pdftex.def Info: /home/jfellus/Bureau/hal/method/img/268.png used on in
put line 904.
(pdftex.def)             Requested size: 252.94499pt x 303.53577pt.
Missing character: There is no √ in font pplr7t!
Missing character: There is no © in font pplr7t!
Missing character: There is no √ in font pplr7t!
Missing character: There is no © in font pplr7t!
Missing character: There is no √ in font pplr7t!
Missing character: There is no © in font pplr7t!
Missing character: There is no √ in font pplr7t!
Missing character: There is no © in font pplr7t!
Missing character: There is no √ in font pplr7t!
Missing character: There is no √ in font pplr7t!
Missing character: There is no ® in font pplr7t!
Missing character: There is no √ in font pplr7t!
Missing character: There is no © in font pplr7t!
Missing character: There is no √ in font pplr7t!
Missing character: There is no √ in font pplr7t!
Missing character: There is no © in font pplr7t!
Missing character: There is no √ in font pplr7t!
Missing character: There is no © in font pplr7t!
Missing character: There is no √ in font pplr7t!
Missing character: There is no © in font pplr7t!
Missing character: There is no √ in font pplr7t!
Missing character: There is no © in font pplr7t!
Missing character: There is no √ in font pplr7t!
Missing character: There is no © in font pplr7t!
Missing character: There is no √ in font pplr7t!
Missing character: There is no © in font pplr7t!

</home/jfellus/Bureau/hal/results/img/1699.png, id=20, 275.0275pt x 184.69pt>
File: /home/jfellus/Bureau/hal/results/img/1699.png Graphic file (type png)

<use /home/jfellus/Bureau/hal/results/img/1699.png>
Package pdftex.def Info: /home/jfellus/Bureau/hal/results/img/1699.png used on 
input line 926.
(pdftex.def)             Requested size: 252.94499pt x 169.86612pt.
Missing character: There is no √ in font phvr7t!
Missing character: There is no © in font phvr7t!
Missing character: There is no √ in font phvr7t!
Missing character: There is no © in font phvr7t!
Missing character: There is no √ in font phvr7t!
Missing character: There is no © in font phvr7t!
Missing character: There is no √ in font phvr7t!
Missing character: There is no © in font phvr7t!
 [4 </home/jfellus/Bureau/hal/method/img/47.png>]
</home/jfellus/Bureau/hal/results/img/1146.png, id=24, 259.97125pt x 194.7275pt
>
File: /home/jfellus/Bureau/hal/results/img/1146.png Graphic file (type png)
 <use /home/jfellus/Bureau/hal/results/img/1146.png>
Package pdftex.def Info: /home/jfellus/Bureau/hal/results/img/1146.png used on 
input line 945.
(pdftex.def)             Requested size: 252.94499pt x 189.46483pt.
Missing character: There is no √ in font pplr7t!
Missing character: There is no © in font pplr7t!

Underfull \vbox (badness 1616) has occurred while \output is active []

 [5 </home/jfellus/Bureau/hal/method/img/268.png> </home/jfellus/Bureau/hal/res
ults/img/1699.png> </home/jfellus/Bureau/hal/results/img/1146.png>]
</home/jfellus/Bureau/hal/results/img/1208.png, id=28, 276.03125pt x 183.68625p
t>
File: /home/jfellus/Bureau/hal/results/img/1208.png Graphic file (type png)
 <use /home/jfellus/Bureau/hal/results/img/1208.png>
Package pdftex.def Info: /home/jfellus/Bureau/hal/results/img/1208.png used on 
input line 969.
(pdftex.def)             Requested size: 252.94499pt x 168.33191pt.

</home/jfellus/Bureau/hal/results/img/2270.png, id=29, 248.93pt x 203.76125pt>
File: /home/jfellus/Bureau/hal/results/img/2270.png Graphic file (type png)

<use /home/jfellus/Bureau/hal/results/img/2270.png>
Package pdftex.def Info: /home/jfellus/Bureau/hal/results/img/2270.png used on 
input line 998.
(pdftex.def)             Requested size: 252.94499pt x 207.05331pt.
 [6 </home/jfellus/Bureau/hal/results/img/1208.png> </home/jfellus/Bureau/hal/r
esults/img/2270.png>]
</home/jfellus/Bureau/hal/results/img/1537.png, id=34, 256.96pt x 197.73875pt>
File: /home/jfellus/Bureau/hal/results/img/1537.png Graphic file (type png)

<use /home/jfellus/Bureau/hal/results/img/1537.png>
Package pdftex.def Info: /home/jfellus/Bureau/hal/results/img/1537.png used on 
input line 1019.
(pdftex.def)             Requested size: 252.94499pt x 194.65161pt.
Missing character: There is no √ in font phvr7t!
Missing character: There is no © in font phvr7t!
Missing character: There is no √ in font phvr7t!
Missing character: There is no © in font phvr7t!
Missing character: There is no √ in font phvr7t!
Missing character: There is no © in font phvr7t!
Missing character: There is no √ in font phvr7t!
Missing character: There is no © in font phvr7t!
Missing character: There is no √ in font phvr7t!
Missing character: There is no © in font phvr7t!
Missing character: There is no √ in font phvr7t!
Missing character: There is no © in font phvr7t!
Missing character: There is no √ in font phvr7t!
Missing character: There is no © in font phvr7t!
Missing character: There is no √ in font phvr7t!
Missing character: There is no © in font phvr7t!
Missing character: There is no √ in font phvr7t!
Missing character: There is no © in font phvr7t!
Missing character: There is no √ in font phvr7t!
Missing character: There is no © in font phvr7t!
Missing character: There is no √ in font phvr7t!
Missing character: There is no © in font phvr7t!
Missing character: There is no √ in font phvr7t!
Missing character: There is no © in font phvr7t!
Missing character: There is no √ in font phvr7t!
Missing character: There is no © in font phvr7t!
Missing character: There is no √ in font phvr7t!
Missing character: There is no © in font phvr7t!
Missing character: There is no √ in font phvr7t!
Missing character: There is no © in font phvr7t!
Missing character: There is no √ in font phvr7t!
Missing character: There is no © in font phvr7t!

</home/jfellus/Bureau/hal/results/img/1520.png, id=35, 226.8475pt x 201.75375pt
>
File: /home/jfellus/Bureau/hal/results/img/1520.png Graphic file (type png)
 <use /home/jfellus/Bureau/hal/results/img/1520.png>
Package pdftex.def Info: /home/jfellus/Bureau/hal/results/img/1520.png used on 
input line 1039.
(pdftex.def)             Requested size: 252.94499pt x 224.96521pt.
Missing character: There is no Ô in font phvr7t!
Missing character: There is no ¨ in font phvr7t!
Missing character: There is no Å in font phvr7t!
Missing character: There is no Ô in font phvr7t!
Missing character: There is no ¨ in font phvr7t!
Missing character: There is no Å in font phvr7t!
 [7 </home/jfellus/Bureau/hal/results/img/1537.png> </home/jfellus/Bureau/hal/r
esults/img/1520.png>]
Missing character: There is no √ in font pplr7t!
Missing character: There is no † in font pplr7t!
Missing character: There is no √ in font pplr7t!
Missing character: There is no © in font pplr7t!
Missing character: There is no √ in font pplr7t!
Missing character: There is no © in font pplr7t!
Missing character: There is no √ in font pplr7t!
Missing character: There is no © in font pplr7t!
Missing character: There is no √ in font pplr7t!
Missing character: There is no © in font pplr7t!
Missing character: There is no √ in font pplr7t!
Missing character: There is no © in font pplr7t!
Missing character: There is no √ in font pplr7t!
Missing character: There is no √ in font pplr7t!
Missing character: There is no † in font pplr7t!
Missing character: There is no √ in font pplr7t!
Missing character: There is no √ in font pplr7t!
Missing character: There is no © in font pplr7t!
Missing character: There is no √ in font pplr7t!
Missing character: There is no √ in font pplr7t!
Missing character: There is no © in font pplr7t!
Missing character: There is no √ in font pplr7t!
Missing character: There is no © in font pplr7t!
Missing character: There is no √ in font pplr7t!
Missing character: There is no † in font pplr7t!
Missing character: There is no √ in font pplr7t!
Missing character: There is no © in font pplr7t!
Missing character: There is no √ in font pplr7t!
Missing character: There is no © in font pplr7t!
Missing character: There is no √ in font pplr7t!
Missing character: There is no © in font pplr7t!
Missing character: There is no √ in font pplr7t!
Missing character: There is no © in font pplr7t!
Missing character: There is no √ in font pplr7t!
Missing character: There is no © in font pplr7t!

Underfull \vbox (badness 10000) has occurred while \output is active []

Missing character: There is no √ in font pplr7t!
Missing character: There is no © in font pplr7t!
 [8]
Missing character: There is no √ in font pplr7t!
Missing character: There is no © in font pplr7t!
Missing character: There is no √ in font pplr7t!
Missing character: There is no ® in font pplr7t!
Missing character: There is no √ in font pplr7t!
Missing character: There is no © in font pplr7t!
Missing character: There is no √ in font pplr7t!
Missing character: There is no © in font pplr7t!

[9

] (./paper.aux) ) 
Here is how much of TeX's memory you used:
 2530 strings out of 494999
 42093 string characters out of 6180228
 103387 words of memory out of 5000000
 5723 multiletter control sequences out of 15000+600000
 38712 words of font info for 84 fonts, out of 8000000 for 9000
 17 hyphenation exceptions out of 8191
 37i,6n,23p,650b,287s stack positions out of 5000i,500n,10000p,200000b,80000s
{/usr/share/texlive/texmf-dist/fonts/enc/dvips/base/8r.enc}</u
sr/share/texlive/texmf-dist/fonts/type1/urw/helvetic/uhvb8a.pfb></usr/share/tex
live/texmf-dist/fonts/type1/urw/helvetic/uhvr8a.pfb></usr/share/texlive/texmf-d
ist/fonts/type1/urw/palatino/uplr8a.pfb></usr/share/texlive/texmf-dist/fonts/ty
pe1/urw/palatino/uplri8a.pfb></usr/share/texlive/texmf-dist/fonts/type1/urw/zap
fding/uzdr.pfb>
Output written on paper.pdf (9 pages, 305445 bytes).
PDF statistics:
 66 PDF objects out of 1000 (max. 8388607)
 38 compressed objects within 1 object stream
 0 named destinations out of 1000 (max. 500000)
 46 words of extra memory for PDF output out of 10000 (max. 10000000)

